2020-01-02 13:16:09,504 INFO o.a.j.u.JMeterUtils: Setting Locale to en_EN
2020-01-02 13:16:09,535 INFO o.a.j.JMeter: Loading user properties from: /Applications/JMeter/bin/user.properties
2020-01-02 13:16:09,536 INFO o.a.j.JMeter: Loading system properties from: /Applications/JMeter/bin/system.properties
2020-01-02 13:16:09,538 INFO o.a.j.JMeter: Copyright (c) 1998-2019 The Apache Software Foundation
2020-01-02 13:16:09,538 INFO o.a.j.JMeter: Version 5.2.1
2020-01-02 13:16:09,538 INFO o.a.j.JMeter: java.version=1.8.0_181
2020-01-02 13:16:09,538 INFO o.a.j.JMeter: java.vm.name=Java HotSpot(TM) 64-Bit Server VM
2020-01-02 13:16:09,538 INFO o.a.j.JMeter: os.name=Mac OS X
2020-01-02 13:16:09,538 INFO o.a.j.JMeter: os.arch=x86_64
2020-01-02 13:16:09,539 INFO o.a.j.JMeter: os.version=10.14.6
2020-01-02 13:16:09,539 INFO o.a.j.JMeter: file.encoding=UTF-8
2020-01-02 13:16:09,539 INFO o.a.j.JMeter: java.awt.headless=null
2020-01-02 13:16:09,539 INFO o.a.j.JMeter: Max memory     =1073741824
2020-01-02 13:16:09,539 INFO o.a.j.JMeter: Available Processors =12
2020-01-02 13:16:09,542 INFO o.a.j.JMeter: Default Locale=English (EN)
2020-01-02 13:16:09,542 INFO o.a.j.JMeter: JMeter  Locale=English (EN)
2020-01-02 13:16:09,542 INFO o.a.j.JMeter: JMeterHome=/Applications/JMeter
2020-01-02 13:16:09,543 INFO o.a.j.JMeter: user.dir  =/Users/michaeldeller/Projects/pf-performance/kubernetes/jmeter
2020-01-02 13:16:09,543 INFO o.a.j.JMeter: PWD       =/Users/michaeldeller/Projects/pf-performance/kubernetes/jmeter
2020-01-02 13:16:09,548 INFO o.a.j.JMeter: IP: 192.168.1.19 Name: michaeldeller-r FullName: 192.168.1.19
2020-01-02 13:16:11,150 INFO o.a.j.g.a.LookAndFeelCommand: Installing Darcula LAF
2020-01-02 13:16:11,161 INFO o.a.j.g.a.LookAndFeelCommand: Using look and feel: com.bulenkov.darcula.DarculaLaf [Darcula]
2020-01-02 13:16:11,161 INFO o.a.j.JMeter: Setting LAF to: com.bulenkov.darcula.DarculaLaf
2020-01-02 13:16:11,220 INFO o.a.j.JMeter: Loaded icon properties from org/apache/jmeter/images/icon.properties
2020-01-02 13:16:13,002 INFO o.a.j.p.h.s.HTTPSamplerBase: Parser for text/html is org.apache.jmeter.protocol.http.parser.LagartoBasedHtmlParser
2020-01-02 13:16:13,003 INFO o.a.j.p.h.s.HTTPSamplerBase: Parser for application/xhtml+xml is org.apache.jmeter.protocol.http.parser.LagartoBasedHtmlParser
2020-01-02 13:16:13,003 INFO o.a.j.p.h.s.HTTPSamplerBase: Parser for application/xml is org.apache.jmeter.protocol.http.parser.LagartoBasedHtmlParser
2020-01-02 13:16:13,003 INFO o.a.j.p.h.s.HTTPSamplerBase: Parser for text/xml is org.apache.jmeter.protocol.http.parser.LagartoBasedHtmlParser
2020-01-02 13:16:13,003 INFO o.a.j.p.h.s.HTTPSamplerBase: Parser for text/vnd.wap.wml is org.apache.jmeter.protocol.http.parser.RegexpHTMLParser
2020-01-02 13:16:13,003 INFO o.a.j.p.h.s.HTTPSamplerBase: Parser for text/css is org.apache.jmeter.protocol.http.parser.CssParser
2020-01-02 13:16:13,283 INFO o.a.j.e.KeyToolUtils: keytool found at 'keytool'
2020-01-02 13:16:13,283 INFO o.a.j.p.h.p.ProxyControl: HTTP(S) Test Script Recorder SSL Proxy will use keys that support embedded 3rd party resources in file /Applications/JMeter/bin/proxyserver.jks
2020-01-02 13:16:13,390 INFO o.a.j.s.FileServer: Default base='/Users/michaeldeller/Projects/pf-performance/kubernetes/jmeter'
2020-01-02 13:16:13,642 INFO o.a.j.s.SampleResult: Note: Sample TimeStamps are START times
2020-01-02 13:16:13,642 INFO o.a.j.s.SampleResult: sampleresult.default.encoding is set to ISO-8859-1
2020-01-02 13:16:13,642 INFO o.a.j.s.SampleResult: sampleresult.useNanoTime=true
2020-01-02 13:16:13,642 INFO o.a.j.s.SampleResult: sampleresult.nanoThreadSleep=5000
2020-01-02 13:16:25,841 INFO o.a.j.g.a.Load: Loading file: /Users/michaeldeller/Desktop/Visitors.jmx
2020-01-02 13:16:25,841 INFO o.a.j.s.FileServer: Set new base='/Users/michaeldeller/Desktop'
2020-01-02 13:16:25,969 INFO o.a.j.s.SaveService: Testplan (JMX) version: 2.2. Testlog (JTL) version: 2.2
2020-01-02 13:16:25,976 INFO o.a.j.s.SaveService: Using SaveService properties file encoding UTF-8
2020-01-02 13:16:25,978 INFO o.a.j.s.SaveService: Using SaveService properties version 5.0
2020-01-02 13:16:25,981 INFO o.a.j.s.SaveService: Loading file: /Users/michaeldeller/Desktop/Visitors.jmx
2020-01-02 13:16:26,006 INFO o.a.j.p.h.c.CacheManager: Will only cache the following methods: [GET]
2020-01-02 13:16:26,008 INFO o.a.j.p.h.c.CookieManager: Settings: Delete null: true Check: true Allow variable: true Save: false Prefix: COOKIE_
2020-01-02 13:16:26,182 INFO o.a.j.s.FileServer: Set new base='/Users/michaeldeller/Desktop'
2020-01-02 13:16:50,045 INFO o.a.j.e.StandardJMeterEngine: Running the test!
2020-01-02 13:16:50,046 INFO o.a.j.s.SampleEvent: List of sample_variables: []
2020-01-02 13:16:50,047 INFO o.a.j.s.SampleEvent: List of sample_variables: []
2020-01-02 13:16:50,048 INFO o.a.j.e.u.CompoundVariable: Note: Function class names must contain the string: '.functions.'
2020-01-02 13:16:50,048 INFO o.a.j.e.u.CompoundVariable: Note: Function class names must not contain the string: '.gui.'
2020-01-02 13:16:50,298 INFO o.a.j.g.u.JMeterMenuBar: setRunning(true, *local*)
2020-01-02 13:16:50,462 INFO o.a.j.e.StandardJMeterEngine: Starting ThreadGroup: 1 : Visitors
2020-01-02 13:16:50,462 INFO o.a.j.e.StandardJMeterEngine: Starting 1 threads for group Visitors.
2020-01-02 13:16:50,462 INFO o.a.j.e.StandardJMeterEngine: Thread will start next loop on error
2020-01-02 13:16:50,462 INFO o.a.j.t.ThreadGroup: Starting thread group... number=1 threads=1 ramp-up=0 delayedStart=false
2020-01-02 13:16:50,468 INFO o.a.j.t.ThreadGroup: Started thread group number 1
2020-01-02 13:16:50,468 INFO o.a.j.e.StandardJMeterEngine: All thread groups have been started
2020-01-02 13:16:50,472 INFO o.a.j.t.JMeterThread: Thread started: Visitors 1-1
2020-01-02 13:16:50,488 INFO o.a.j.p.h.s.HTTPHCAbstractImpl: Local host = michaeldeller-r
2020-01-02 13:16:50,495 INFO o.a.j.p.h.s.HTTPHC4Impl: HTTP request retry count = 0
2020-01-02 13:16:50,580 INFO o.a.j.p.h.s.h.LazyLayeredConnectionSocketFactory: Setting up HTTPS TrustAll Socket Factory
2020-01-02 13:16:50,585 INFO o.a.j.u.JsseSSLManager: Using default SSL protocol: TLS
2020-01-02 13:16:50,585 INFO o.a.j.u.JsseSSLManager: SSL session context: per-thread
2020-01-02 13:16:50,709 INFO o.a.j.u.SSLManager: JmeterKeyStore Location:  type JKS
2020-01-02 13:16:50,709 INFO o.a.j.u.SSLManager: KeyStore created OK
2020-01-02 13:16:50,709 WARN o.a.j.u.SSLManager: Keystore file not found, loading empty keystore
2020-01-02 13:17:03,696 INFO o.a.j.t.JMeterThread: Thread is done: Visitors 1-1
2020-01-02 13:17:03,696 INFO o.a.j.t.JMeterThread: Thread finished: Visitors 1-1
2020-01-02 13:17:03,697 INFO o.a.j.e.StandardJMeterEngine: Notifying test listeners of end of test
2020-01-02 13:17:03,698 INFO o.a.j.g.u.JMeterMenuBar: setRunning(false, *local*)
2020-01-02 13:17:30,923 INFO o.a.j.e.StandardJMeterEngine: Running the test!
2020-01-02 13:17:30,923 INFO o.a.j.s.SampleEvent: List of sample_variables: []
2020-01-02 13:17:30,925 INFO o.a.j.g.u.JMeterMenuBar: setRunning(true, *local*)
2020-01-02 13:17:31,054 INFO o.a.j.e.StandardJMeterEngine: Starting ThreadGroup: 1 : Visitors
2020-01-02 13:17:31,055 INFO o.a.j.e.StandardJMeterEngine: Starting 10 threads for group Visitors.
2020-01-02 13:17:31,055 INFO o.a.j.e.StandardJMeterEngine: Thread will start next loop on error
2020-01-02 13:17:31,055 INFO o.a.j.t.ThreadGroup: Starting thread group... number=1 threads=10 ramp-up=0 delayedStart=false
2020-01-02 13:17:31,056 INFO o.a.j.t.JMeterThread: Thread started: Visitors 1-1
2020-01-02 13:17:31,057 INFO o.a.j.t.JMeterThread: Thread started: Visitors 1-2
2020-01-02 13:17:31,058 INFO o.a.j.t.JMeterThread: Thread started: Visitors 1-3
2020-01-02 13:17:31,059 INFO o.a.j.t.JMeterThread: Thread started: Visitors 1-4
2020-01-02 13:17:31,061 INFO o.a.j.t.JMeterThread: Thread started: Visitors 1-5
2020-01-02 13:17:31,062 INFO o.a.j.t.JMeterThread: Thread started: Visitors 1-6
2020-01-02 13:17:31,063 INFO o.a.j.t.JMeterThread: Thread started: Visitors 1-7
2020-01-02 13:17:31,067 INFO o.a.j.t.JMeterThread: Thread started: Visitors 1-8
2020-01-02 13:17:31,070 INFO o.a.j.t.JMeterThread: Thread started: Visitors 1-9
2020-01-02 13:17:31,072 INFO o.a.j.t.ThreadGroup: Started thread group number 1
2020-01-02 13:17:31,077 INFO o.a.j.e.StandardJMeterEngine: All thread groups have been started
2020-01-02 13:17:31,074 INFO o.a.j.t.JMeterThread: Thread started: Visitors 1-10
2020-01-02 13:17:54,917 INFO o.a.j.t.JMeterThread: Thread is done: Visitors 1-4
2020-01-02 13:17:54,917 INFO o.a.j.t.JMeterThread: Thread finished: Visitors 1-4
2020-01-02 13:17:54,944 INFO o.a.j.t.JMeterThread: Thread is done: Visitors 1-8
2020-01-02 13:17:54,945 INFO o.a.j.t.JMeterThread: Thread finished: Visitors 1-8
2020-01-02 13:17:55,146 INFO o.a.j.t.JMeterThread: Thread is done: Visitors 1-9
2020-01-02 13:17:55,146 INFO o.a.j.t.JMeterThread: Thread finished: Visitors 1-9
2020-01-02 13:17:55,255 INFO o.a.j.t.JMeterThread: Thread is done: Visitors 1-1
2020-01-02 13:17:55,255 INFO o.a.j.t.JMeterThread: Thread finished: Visitors 1-1
2020-01-02 13:17:55,261 INFO o.a.j.t.JMeterThread: Thread is done: Visitors 1-5
2020-01-02 13:17:55,261 INFO o.a.j.t.JMeterThread: Thread finished: Visitors 1-5
2020-01-02 13:17:55,286 INFO o.a.j.t.JMeterThread: Thread is done: Visitors 1-7
2020-01-02 13:17:55,287 INFO o.a.j.t.JMeterThread: Thread finished: Visitors 1-7
2020-01-02 13:17:55,329 INFO o.a.j.t.JMeterThread: Thread is done: Visitors 1-6
2020-01-02 13:17:55,329 INFO o.a.j.t.JMeterThread: Thread finished: Visitors 1-6
2020-01-02 13:17:55,330 INFO o.a.j.t.JMeterThread: Thread is done: Visitors 1-3
2020-01-02 13:17:55,330 INFO o.a.j.t.JMeterThread: Thread finished: Visitors 1-3
2020-01-02 13:17:55,392 INFO o.a.j.t.JMeterThread: Thread is done: Visitors 1-10
2020-01-02 13:17:55,393 INFO o.a.j.t.JMeterThread: Thread finished: Visitors 1-10
2020-01-02 13:17:55,418 INFO o.a.j.t.JMeterThread: Thread is done: Visitors 1-2
2020-01-02 13:17:55,418 INFO o.a.j.t.JMeterThread: Thread finished: Visitors 1-2
2020-01-02 13:17:55,418 INFO o.a.j.e.StandardJMeterEngine: Notifying test listeners of end of test
2020-01-02 13:17:55,418 INFO o.a.j.g.u.JMeterMenuBar: setRunning(false, *local*)
2020-01-02 13:18:28,094 INFO o.a.j.e.StandardJMeterEngine: Running the test!
2020-01-02 13:18:28,095 INFO o.a.j.s.SampleEvent: List of sample_variables: []
2020-01-02 13:18:28,096 INFO o.a.j.g.u.JMeterMenuBar: setRunning(true, *local*)
2020-01-02 13:18:28,253 INFO o.a.j.e.StandardJMeterEngine: Starting ThreadGroup: 1 : Visitors
2020-01-02 13:18:28,253 INFO o.a.j.e.StandardJMeterEngine: Starting 10 threads for group Visitors.
2020-01-02 13:18:28,253 INFO o.a.j.e.StandardJMeterEngine: Thread will start next loop on error
2020-01-02 13:18:28,253 INFO o.a.j.t.ThreadGroup: Starting thread group... number=1 threads=10 ramp-up=0 delayedStart=false
2020-01-02 13:18:28,254 INFO o.a.j.t.JMeterThread: Thread started: Visitors 1-1
2020-01-02 13:18:28,255 INFO o.a.j.t.JMeterThread: Thread started: Visitors 1-2
2020-01-02 13:18:28,255 INFO o.a.j.t.JMeterThread: Thread started: Visitors 1-3
2020-01-02 13:18:28,256 INFO o.a.j.t.JMeterThread: Thread started: Visitors 1-4
2020-01-02 13:18:28,257 INFO o.a.j.t.JMeterThread: Thread started: Visitors 1-5
2020-01-02 13:18:28,258 INFO o.a.j.t.JMeterThread: Thread started: Visitors 1-6
2020-01-02 13:18:28,258 INFO o.a.j.t.JMeterThread: Thread started: Visitors 1-7
2020-01-02 13:18:28,259 INFO o.a.j.t.JMeterThread: Thread started: Visitors 1-8
2020-01-02 13:18:28,261 INFO o.a.j.t.ThreadGroup: Started thread group number 1
2020-01-02 13:18:28,261 INFO o.a.j.e.StandardJMeterEngine: All thread groups have been started
2020-01-02 13:18:28,261 INFO o.a.j.t.JMeterThread: Thread started: Visitors 1-9
2020-01-02 13:18:28,261 INFO o.a.j.t.JMeterThread: Thread started: Visitors 1-10
2020-01-02 13:20:08,421 INFO o.a.j.t.JMeterThread: Thread is done: Visitors 1-1
2020-01-02 13:20:08,421 INFO o.a.j.t.JMeterThread: Thread finished: Visitors 1-1
2020-01-02 13:20:08,444 INFO o.a.j.t.JMeterThread: Thread is done: Visitors 1-2
2020-01-02 13:20:08,445 INFO o.a.j.t.JMeterThread: Thread finished: Visitors 1-2
2020-01-02 13:20:08,466 INFO o.a.j.t.JMeterThread: Thread is done: Visitors 1-10
2020-01-02 13:20:08,466 INFO o.a.j.t.JMeterThread: Thread finished: Visitors 1-10
2020-01-02 13:20:08,476 INFO o.a.j.t.JMeterThread: Thread is done: Visitors 1-3
2020-01-02 13:20:08,476 INFO o.a.j.t.JMeterThread: Thread finished: Visitors 1-3
2020-01-02 13:20:08,477 INFO o.a.j.t.JMeterThread: Thread is done: Visitors 1-7
2020-01-02 13:20:08,477 INFO o.a.j.t.JMeterThread: Thread finished: Visitors 1-7
2020-01-02 13:20:08,517 INFO o.a.j.t.JMeterThread: Thread is done: Visitors 1-5
2020-01-02 13:20:08,517 INFO o.a.j.t.JMeterThread: Thread finished: Visitors 1-5
2020-01-02 13:20:08,537 INFO o.a.j.t.JMeterThread: Thread is done: Visitors 1-6
2020-01-02 13:20:08,537 INFO o.a.j.t.JMeterThread: Thread finished: Visitors 1-6
2020-01-02 13:20:08,580 INFO o.a.j.t.JMeterThread: Thread is done: Visitors 1-8
2020-01-02 13:20:08,580 INFO o.a.j.t.JMeterThread: Thread finished: Visitors 1-8
2020-01-02 13:20:08,744 INFO o.a.j.t.JMeterThread: Thread is done: Visitors 1-4
2020-01-02 13:20:08,744 INFO o.a.j.t.JMeterThread: Thread finished: Visitors 1-4
2020-01-02 13:20:08,761 INFO o.a.j.t.JMeterThread: Thread is done: Visitors 1-9
2020-01-02 13:20:08,761 INFO o.a.j.t.JMeterThread: Thread finished: Visitors 1-9
2020-01-02 13:20:08,761 INFO o.a.j.e.StandardJMeterEngine: Notifying test listeners of end of test
2020-01-02 13:20:08,763 INFO o.a.j.g.u.JMeterMenuBar: setRunning(false, *local*)
2020-01-02 13:21:38,666 INFO o.a.j.g.a.Load: Loading file: /Users/michaeldeller/Projects/pf-performance/server-profiles/jmeter/opt/apache-jmeter/bin/Visitors.jmx
2020-01-02 13:21:38,667 INFO o.a.j.s.FileServer: Set new base='/Users/michaeldeller/Projects/pf-performance/server-profiles/jmeter/opt/apache-jmeter/bin'
2020-01-02 13:21:38,667 INFO o.a.j.s.SaveService: Loading file: /Users/michaeldeller/Projects/pf-performance/server-profiles/jmeter/opt/apache-jmeter/bin/Visitors.jmx
2020-01-02 13:21:38,724 INFO o.a.j.s.FileServer: Set new base='/Users/michaeldeller/Projects/pf-performance/server-profiles/jmeter/opt/apache-jmeter/bin'
